SF:lib/src/model/consents_v2.dart
DA:7,2
DA:10,1
DA:11,1
DA:12,1
DA:13,1
DA:14,1
LF:6
LH:6
end_of_record
SF:lib/src/model/vendor_info.dart
DA:43,2
DA:62,1
DA:63,1
DA:64,1
DA:65,1
DA:67,1
DA:68,2
DA:70,3
DA:72,3
DA:74,3
DA:75,1
DA:76,1
DA:77,1
DA:78,1
DA:83,1
DA:84,1
DA:85,1
DA:86,1
DA:87,1
DA:88,1
DA:89,1
DA:90,1
DA:91,1
DA:92,1
DA:93,1
DA:94,1
DA:95,1
DA:96,1
DA:101,1
DA:115,1
DA:116,1
DA:117,1
DA:118,1
DA:119,1
DA:120,1
DA:122,1
DA:123,1
DA:124,1
DA:125,1
DA:126,1
DA:127,1
DA:128,1
DA:132,1
DA:135,1
DA:136,3
DA:137,3
DA:138,3
DA:139,3
DA:140,3
DA:141,5
DA:142,3
DA:143,2
DA:144,5
DA:145,5
DA:146,3
DA:147,3
DA:148,3
DA:149,3
DA:151,1
DA:153,3
DA:154,3
DA:155,3
DA:156,3
DA:157,3
DA:158,3
DA:159,3
DA:160,3
DA:161,3
DA:162,3
DA:163,3
DA:164,2
DA:166,1
DA:168,4
DA:169,2
LF:74
LH:74
end_of_record
SF:lib/src/channel/axeptio_sdk_method_channel.dart
DA:15,1
DA:18,2
DA:22,1
DA:24,2
DA:28,1
DA:31,3
DA:35,1
DA:39,1
DA:41,2
DA:44,1
DA:46,2
DA:49,1
DA:51,1
DA:52,2
DA:56,1
DA:58,2
DA:61,1
DA:63,2
DA:66,1
DA:71,2
DA:73,1
DA:75,4
DA:76,0
DA:78,0
DA:79,0
DA:82,0
DA:86,1
DA:91,2
DA:93,1
DA:95,4
DA:96,0
DA:98,0
DA:99,0
DA:102,0
DA:106,1
DA:109,2
DA:112,0
DA:113,1
DA:114,2
DA:115,2
DA:117,1
DA:118,1
DA:124,0
DA:125,0
DA:128,0
DA:132,1
DA:135,2
DA:138,0
DA:140,4
DA:141,1
DA:142,1
DA:145,0
DA:146,0
DA:149,0
DA:153,1
DA:156,2
DA:159,0
DA:161,4
DA:162,1
DA:163,1
DA:166,0
DA:167,0
DA:170,0
DA:174,1
DA:177,2
DA:179,1
DA:184,0
DA:185,0
DA:192,1
DA:194,2
DA:197,1
DA:199,2
DA:203,1
DA:206,2
DA:208,1
DA:213,0
DA:219,1
DA:222,2
DA:225,0
DA:230,1
DA:233,2
DA:236,0
DA:242,1
DA:245,2
DA:247,1
DA:252,0
DA:258,1
DA:261,2
DA:263,1
DA:265,0
DA:267,1
DA:268,2
DA:269,1
DA:270,0
DA:276,0
DA:278,0
DA:282,1
DA:285,2
DA:288,0
DA:290,1
DA:291,2
DA:292,1
DA:294,0
DA:295,0
DA:296,0
DA:298,0
DA:301,0
DA:309,0
DA:311,0
DA:316,1
DA:319,2
DA:323,0
DA:329,1
DA:332,2
DA:336,0
LF:115
LH:75
end_of_record
SF:lib/src/channel/axeptio_sdk_platform_interface.dart
DA:9,0
DA:11,6
DA:13,4
DA:18,4
DA:23,2
DA:24,4
DA:28,0
DA:29,0
DA:32,0
DA:33,0
DA:36,0
DA:38,0
DA:41,0
DA:42,0
DA:45,0
DA:46,0
DA:50,0
DA:51,0
DA:55,0
DA:56,0
DA:59,0
DA:60,0
DA:63,0
DA:64,0
DA:67,0
DA:68,0
DA:71,0
DA:72,0
DA:75,0
DA:76,0
DA:79,0
DA:80,0
DA:83,0
DA:84,0
DA:87,0
DA:88,0
DA:91,0
DA:92,0
DA:96,0
DA:97,0
DA:100,0
DA:101,0
DA:104,0
DA:105,0
DA:109,0
DA:110,0
DA:113,0
DA:114,0
DA:117,0
DA:118,0
DA:123,0
DA:124,0
DA:127,0
DA:128,0
LF:54
LH:5
end_of_record
SF:lib/src/events/events_handler.dart
DA:13,2
DA:15,2
DA:16,6
DA:19,0
DA:20,0
DA:23,0
DA:24,0
DA:25,0
DA:29,0
DA:30,0
DA:31,0
DA:35,0
DA:37,0
DA:38,0
DA:39,0
DA:45,0
DA:51,0
DA:52,0
DA:54,1
DA:55,2
DA:56,2
DA:60,1
DA:61,2
LF:23
LH:8
end_of_record
SF:lib/src/preferences/native_default_preferences.dart
DA:9,0
DA:59,2
DA:61,1
DA:62,1
DA:78,1
DA:80,2
DA:84,1
DA:89,1
DA:91,1
DA:95,0
DA:96,0
DA:102,2
DA:121,1
DA:124,2
DA:126,1
DA:130,1
DA:131,2
DA:132,1
DA:134,1
DA:138,1
DA:141,2
DA:161,1
DA:163,2
DA:166,2
DA:175,1
DA:177,1
DA:178,2
DA:179,2
DA:180,2
DA:181,1
LF:30
LH:27
end_of_record
SF:lib/src/events/event_listener.dart
DA:4,0
DA:5,0
DA:7,0
LF:3
LH:0
end_of_record
SF:lib/src/channel/axeptio.dart
DA:9,0
DA:11,1
DA:12,2
DA:15,1
DA:16,2
DA:19,1
DA:21,1
DA:22,1
DA:23,1
DA:26,1
DA:27,2
DA:30,1
DA:31,2
DA:34,1
DA:35,2
DA:38,1
DA:39,2
DA:42,1
DA:43,2
DA:46,1
DA:47,2
DA:52,1
DA:53,2
DA:58,1
DA:59,2
DA:62,1
DA:63,2
DA:66,1
DA:67,2
DA:70,1
DA:71,2
DA:74,1
DA:75,2
DA:78,1
DA:79,2
DA:98,1
DA:99,2
DA:107,1
DA:108,2
DA:116,1
DA:117,2
DA:132,1
DA:133,2
DA:148,1
DA:149,2
DA:164,1
DA:165,2
DA:174,1
DA:175,2
DA:182,1
DA:183,2
LF:51
LH:50
end_of_record
